{"/home/vaibhav/projects/node_project/expressjsPOC/github-poc-original/server.js":{"path":"/home/vaibhav/projects/node_project/expressjsPOC/github-poc-original/server.js","s":{"1":1,"2":1,"3":1,"4":1,"5":1,"6":1,"7":1,"8":1,"9":1,"10":1,"11":1,"12":7,"13":7,"14":1,"15":1,"16":1,"17":1,"18":1,"19":1,"20":1,"21":1,"22":1,"23":0,"24":0,"25":1},"b":{},"f":{},"fnMap":{},"statementMap":{"1":{"start":{"line":1,"column":0},"end":{"line":1,"column":35}},"2":{"start":{"line":2,"column":0},"end":{"line":2,"column":42}},"3":{"start":{"line":3,"column":0},"end":{"line":3,"column":69}},"4":{"start":{"line":4,"column":0},"end":{"line":4,"column":37}},"5":{"start":{"line":5,"column":0},"end":{"line":5,"column":33}},"6":{"start":{"line":6,"column":0},"end":{"line":6,"column":54}},"7":{"start":{"line":8,"column":0},"end":{"line":8,"column":22}},"8":{"start":{"line":10,"column":0},"end":{"line":10,"column":27}},"9":{"start":{"line":11,"column":0},"end":{"line":11,"column":50}},"10":{"start":{"line":12,"column":0},"end":{"line":12,"column":28}},"11":{"start":{"line":14,"column":0},"end":{"line":23,"column":3}},"12":{"start":{"line":15,"column":2},"end":{"line":21,"column":5}},"13":{"start":{"line":22,"column":2},"end":{"line":22,"column":9}},"14":{"start":{"line":26,"column":0},"end":{"line":26,"column":54}},"15":{"start":{"line":27,"column":0},"end":{"line":27,"column":35}},"16":{"start":{"line":29,"column":0},"end":{"line":29,"column":50}},"17":{"start":{"line":30,"column":0},"end":{"line":30,"column":27}},"18":{"start":{"line":33,"column":0},"end":{"line":33,"column":90}},"19":{"start":{"line":33,"column":38},"end":{"line":33,"column":88}},"20":{"start":{"line":35,"column":0},"end":{"line":35,"column":34}},"21":{"start":{"line":38,"column":0},"end":{"line":44,"column":3}},"22":{"start":{"line":40,"column":2},"end":{"line":40,"column":112}},"23":{"start":{"line":42,"column":2},"end":{"line":42,"column":67}},"24":{"start":{"line":43,"column":2},"end":{"line":43,"column":17}},"25":{"start":{"line":46,"column":0},"end":{"line":46,"column":24}}},"branchMap":{}},"/home/vaibhav/projects/node_project/expressjsPOC/github-poc-original/config/database.env/database.config.js":{"path":"/home/vaibhav/projects/node_project/expressjsPOC/github-poc-original/config/database.env/database.config.js","s":{"1":1},"b":{},"f":{},"fnMap":{},"statementMap":{"1":{"start":{"line":1,"column":0},"end":{"line":4,"column":1}}},"branchMap":{}},"/home/vaibhav/projects/node_project/expressjsPOC/github-poc-original/gitHubModule/routes.js":{"path":"/home/vaibhav/projects/node_project/expressjsPOC/github-poc-original/gitHubModule/routes.js","s":{"1":1,"2":1,"3":1,"4":1,"5":1,"6":0,"7":1,"8":1},"b":{},"f":{},"fnMap":{},"statementMap":{"1":{"start":{"line":3,"column":0},"end":{"line":3,"column":35}},"2":{"start":{"line":5,"column":0},"end":{"line":14,"column":2}},"3":{"start":{"line":6,"column":2},"end":{"line":6,"column":45}},"4":{"start":{"line":7,"column":2},"end":{"line":7,"column":30}},"5":{"start":{"line":9,"column":2},"end":{"line":11,"column":5}},"6":{"start":{"line":10,"column":4},"end":{"line":10,"column":59}},"7":{"start":{"line":13,"column":2},"end":{"line":13,"column":16}},"8":{"start":{"line":16,"column":0},"end":{"line":16,"column":27}}},"branchMap":{}},"/home/vaibhav/projects/node_project/expressjsPOC/github-poc-original/gitHubModule/wiring.js":{"path":"/home/vaibhav/projects/node_project/expressjsPOC/github-poc-original/gitHubModule/wiring.js","s":{"1":1,"2":0,"3":1},"b":{},"f":{"1":1,"2":0},"fnMap":{"1":{"name":"(anonymous_1)","line":4,"loc":{"start":{"line":4,"column":13},"end":{"line":4,"column":16}}},"2":{"name":"(anonymous_2)","line":8,"loc":{"start":{"line":8,"column":19},"end":{"line":8,"column":22}}}},"statementMap":{"1":{"start":{"line":1,"column":0},"end":{"line":1,"column":66}},"2":{"start":{"line":9,"column":8},"end":{"line":9,"column":38}},"3":{"start":{"line":13,"column":0},"end":{"line":13,"column":24}}},"branchMap":{}},"/home/vaibhav/projects/node_project/expressjsPOC/github-poc-original/gitHubModule/controller/githubController.js":{"path":"/home/vaibhav/projects/node_project/expressjsPOC/github-poc-original/gitHubModule/controller/githubController.js","s":{"1":1,"2":1,"3":0,"4":0,"5":0,"6":0,"7":0,"8":0,"9":0,"10":0,"11":1},"b":{},"f":{"1":0,"2":0,"3":0,"4":0},"fnMap":{"1":{"name":"(anonymous_1)","line":6,"loc":{"start":{"line":6,"column":14},"end":{"line":6,"column":17}}},"2":{"name":"(anonymous_2)","line":10,"loc":{"start":{"line":10,"column":22},"end":{"line":10,"column":32}}},"3":{"name":"(anonymous_3)","line":15,"loc":{"start":{"line":15,"column":19},"end":{"line":15,"column":40}}},"4":{"name":"(anonymous_4)","line":16,"loc":{"start":{"line":16,"column":23},"end":{"line":16,"column":38}}}},"statementMap":{"1":{"start":{"line":1,"column":0},"end":{"line":1,"column":37}},"2":{"start":{"line":2,"column":0},"end":{"line":2,"column":28}},"3":{"start":{"line":11,"column":4},"end":{"line":11,"column":39}},"4":{"start":{"line":12,"column":4},"end":{"line":12,"column":28}},"5":{"start":{"line":13,"column":4},"end":{"line":13,"column":36}},"6":{"start":{"line":14,"column":4},"end":{"line":14,"column":23}},"7":{"start":{"line":15,"column":4},"end":{"line":20,"column":7}},"8":{"start":{"line":16,"column":6},"end":{"line":18,"column":9}},"9":{"start":{"line":17,"column":8},"end":{"line":17,"column":34}},"10":{"start":{"line":19,"column":6},"end":{"line":19,"column":26}},"11":{"start":{"line":25,"column":0},"end":{"line":25,"column":34}}},"branchMap":{}},"/home/vaibhav/projects/node_project/expressjsPOC/github-poc-original/crudModule/routes.js":{"path":"/home/vaibhav/projects/node_project/expressjsPOC/github-poc-original/crudModule/routes.js","s":{"1":1,"2":1,"3":1,"4":1,"5":1,"6":1,"7":1,"8":1,"9":1,"10":3,"11":1,"12":1,"13":1,"14":1,"15":1,"16":1,"17":1,"18":1},"b":{},"f":{},"fnMap":{},"statementMap":{"1":{"start":{"line":3,"column":0},"end":{"line":3,"column":35}},"2":{"start":{"line":4,"column":0},"end":{"line":4,"column":57}},"3":{"start":{"line":6,"column":0},"end":{"line":32,"column":1}},"4":{"start":{"line":7,"column":2},"end":{"line":7,"column":45}},"5":{"start":{"line":8,"column":2},"end":{"line":8,"column":30}},"6":{"start":{"line":9,"column":2},"end":{"line":9,"column":34}},"7":{"start":{"line":11,"column":2},"end":{"line":13,"column":5}},"8":{"start":{"line":12,"column":4},"end":{"line":12,"column":51}},"9":{"start":{"line":15,"column":2},"end":{"line":17,"column":5}},"10":{"start":{"line":16,"column":4},"end":{"line":16,"column":45}},"11":{"start":{"line":19,"column":2},"end":{"line":21,"column":5}},"12":{"start":{"line":20,"column":4},"end":{"line":20,"column":45}},"13":{"start":{"line":23,"column":2},"end":{"line":25,"column":5}},"14":{"start":{"line":24,"column":4},"end":{"line":24,"column":51}},"15":{"start":{"line":27,"column":2},"end":{"line":29,"column":5}},"16":{"start":{"line":28,"column":4},"end":{"line":28,"column":44}},"17":{"start":{"line":31,"column":2},"end":{"line":31,"column":16}},"18":{"start":{"line":34,"column":0},"end":{"line":34,"column":27}}},"branchMap":{}},"/home/vaibhav/projects/node_project/expressjsPOC/github-poc-original/crudModule/wiring.js":{"path":"/home/vaibhav/projects/node_project/expressjsPOC/github-poc-original/crudModule/wiring.js","s":{"1":1,"2":7,"3":1},"b":{},"f":{"1":1,"2":7},"fnMap":{"1":{"name":"(anonymous_1)","line":4,"loc":{"start":{"line":4,"column":15},"end":{"line":4,"column":18}}},"2":{"name":"(anonymous_2)","line":8,"loc":{"start":{"line":8,"column":19},"end":{"line":8,"column":22}}}},"statementMap":{"1":{"start":{"line":1,"column":0},"end":{"line":1,"column":62}},"2":{"start":{"line":9,"column":8},"end":{"line":9,"column":36}},"3":{"start":{"line":13,"column":0},"end":{"line":13,"column":24}}},"branchMap":{}},"/home/vaibhav/projects/node_project/expressjsPOC/github-poc-original/crudModule/controller/crudController.js":{"path":"/home/vaibhav/projects/node_project/expressjsPOC/github-poc-original/crudModule/controller/crudController.js","s":{"1":1,"2":1,"3":1,"4":1,"5":0,"6":0,"7":3,"8":3,"9":0,"10":1,"11":1,"12":0,"13":1,"14":1,"15":0,"16":1,"17":1,"18":0,"19":1},"b":{"1":[0,0],"2":[0,0]},"f":{"1":7,"2":1,"3":3,"4":1,"5":1,"6":1},"fnMap":{"1":{"name":"(anonymous_1)","line":5,"loc":{"start":{"line":5,"column":14},"end":{"line":5,"column":17}}},"2":{"name":"(anonymous_2)","line":9,"loc":{"start":{"line":9,"column":8},"end":{"line":9,"column":18}}},"3":{"name":"(anonymous_3)","line":25,"loc":{"start":{"line":25,"column":9},"end":{"line":25,"column":19}}},"4":{"name":"(anonymous_4)","line":36,"loc":{"start":{"line":36,"column":9},"end":{"line":36,"column":19}}},"5":{"name":"(anonymous_5)","line":47,"loc":{"start":{"line":47,"column":8},"end":{"line":47,"column":18}}},"6":{"name":"(anonymous_6)","line":61,"loc":{"start":{"line":61,"column":8},"end":{"line":61,"column":18}}}},"statementMap":{"1":{"start":{"line":1,"column":0},"end":{"line":1,"column":44}},"2":{"start":{"line":10,"column":4},"end":{"line":13,"column":7}},"3":{"start":{"line":14,"column":4},"end":{"line":22,"column":7}},"4":{"start":{"line":16,"column":6},"end":{"line":16,"column":21}},"5":{"start":{"line":18,"column":6},"end":{"line":18,"column":23}},"6":{"start":{"line":19,"column":6},"end":{"line":21,"column":9}},"7":{"start":{"line":26,"column":4},"end":{"line":33,"column":7}},"8":{"start":{"line":28,"column":6},"end":{"line":28,"column":22}},"9":{"start":{"line":30,"column":6},"end":{"line":32,"column":9}},"10":{"start":{"line":37,"column":4},"end":{"line":44,"column":7}},"11":{"start":{"line":39,"column":6},"end":{"line":39,"column":21}},"12":{"start":{"line":41,"column":6},"end":{"line":43,"column":9}},"13":{"start":{"line":48,"column":4},"end":{"line":58,"column":7}},"14":{"start":{"line":53,"column":6},"end":{"line":53,"column":21}},"15":{"start":{"line":55,"column":6},"end":{"line":57,"column":9}},"16":{"start":{"line":62,"column":4},"end":{"line":69,"column":7}},"17":{"start":{"line":64,"column":6},"end":{"line":64,"column":56}},"18":{"start":{"line":66,"column":6},"end":{"line":68,"column":9}},"19":{"start":{"line":74,"column":0},"end":{"line":74,"column":32}}},"branchMap":{"1":{"line":20,"type":"binary-expr","locations":[{"start":{"line":20,"column":17},"end":{"line":20,"column":28}},{"start":{"line":20,"column":32},"end":{"line":20,"column":78}}]},"2":{"line":31,"type":"binary-expr","locations":[{"start":{"line":31,"column":17},"end":{"line":31,"column":28}},{"start":{"line":31,"column":32},"end":{"line":31,"column":77}}]}}},"/home/vaibhav/projects/node_project/expressjsPOC/github-poc-original/crudModule/models/crudModel.js":{"path":"/home/vaibhav/projects/node_project/expressjsPOC/github-poc-original/crudModule/models/crudModel.js","s":{"1":1,"2":1,"3":1,"4":1},"b":{},"f":{},"fnMap":{},"statementMap":{"1":{"start":{"line":1,"column":0},"end":{"line":1,"column":37}},"2":{"start":{"line":2,"column":0},"end":{"line":2,"column":31}},"3":{"start":{"line":4,"column":0},"end":{"line":9,"column":3}},"4":{"start":{"line":11,"column":0},"end":{"line":11,"column":52}}},"branchMap":{}},"/home/vaibhav/projects/node_project/expressjsPOC/github-poc-original/crudModule/validations/crudValidation.js":{"path":"/home/vaibhav/projects/node_project/expressjsPOC/github-poc-original/crudModule/validations/crudValidation.js","s":{"1":1,"2":0,"3":0,"4":0,"5":0,"6":0,"7":0,"8":2,"9":2,"10":2,"11":2,"12":0,"13":2,"14":3,"15":3,"16":0,"17":3,"18":1},"b":{"1":[0,0],"2":[0,2],"3":[0,3]},"f":{"1":1,"2":0,"3":2,"4":3},"fnMap":{"1":{"name":"(anonymous_1)","line":5,"loc":{"start":{"line":5,"column":15},"end":{"line":5,"column":18}}},"2":{"name":"(anonymous_2)","line":9,"loc":{"start":{"line":9,"column":18},"end":{"line":9,"column":35}}},"3":{"name":"(anonymous_3)","line":23,"loc":{"start":{"line":23,"column":18},"end":{"line":23,"column":35}}},"4":{"name":"(anonymous_4)","line":37,"loc":{"start":{"line":37,"column":19},"end":{"line":37,"column":36}}}},"statementMap":{"1":{"start":{"line":1,"column":0},"end":{"line":1,"column":44}},"2":{"start":{"line":10,"column":8},"end":{"line":10,"column":74}},"3":{"start":{"line":11,"column":8},"end":{"line":11,"column":78}},"4":{"start":{"line":12,"column":8},"end":{"line":12,"column":44}},"5":{"start":{"line":13,"column":8},"end":{"line":20,"column":9}},"6":{"start":{"line":14,"column":12},"end":{"line":17,"column":15}},"7":{"start":{"line":19,"column":12},"end":{"line":19,"column":26}},"8":{"start":{"line":24,"column":8},"end":{"line":24,"column":74}},"9":{"start":{"line":25,"column":8},"end":{"line":25,"column":78}},"10":{"start":{"line":26,"column":8},"end":{"line":26,"column":44}},"11":{"start":{"line":27,"column":8},"end":{"line":34,"column":9}},"12":{"start":{"line":28,"column":12},"end":{"line":31,"column":15}},"13":{"start":{"line":33,"column":12},"end":{"line":33,"column":26}},"14":{"start":{"line":38,"column":8},"end":{"line":47,"column":10}},"15":{"start":{"line":39,"column":12},"end":{"line":46,"column":13}},"16":{"start":{"line":40,"column":16},"end":{"line":43,"column":19}},"17":{"start":{"line":45,"column":16},"end":{"line":45,"column":30}},"18":{"start":{"line":51,"column":0},"end":{"line":51,"column":32}}},"branchMap":{"1":{"line":13,"type":"if","locations":[{"start":{"line":13,"column":8},"end":{"line":13,"column":8}},{"start":{"line":13,"column":8},"end":{"line":13,"column":8}}]},"2":{"line":27,"type":"if","locations":[{"start":{"line":27,"column":8},"end":{"line":27,"column":8}},{"start":{"line":27,"column":8},"end":{"line":27,"column":8}}]},"3":{"line":39,"type":"if","locations":[{"start":{"line":39,"column":12},"end":{"line":39,"column":12}},{"start":{"line":39,"column":12},"end":{"line":39,"column":12}}]}}}}