TN:
SF:/home/vaibhav/projects/node_project/expressjsPOC/github-poc-original/server.js
FNF:0
FNH:0
DA:1,1
DA:2,1
DA:3,1
DA:4,1
DA:5,1
DA:6,1
DA:8,1
DA:10,1
DA:11,1
DA:12,1
DA:14,1
DA:15,7
DA:22,7
DA:26,1
DA:27,1
DA:29,1
DA:30,1
DA:33,1
DA:35,1
DA:38,1
DA:40,1
DA:42,0
DA:43,0
DA:46,1
LF:24
LH:22
BRF:0
BRH:0
end_of_record
TN:
SF:/home/vaibhav/projects/node_project/expressjsPOC/github-poc-original/config/database.env/database.config.js
FNF:0
FNH:0
DA:1,1
LF:1
LH:1
BRF:0
BRH:0
end_of_record
TN:
SF:/home/vaibhav/projects/node_project/expressjsPOC/github-poc-original/gitHubModule/routes.js
FNF:0
FNH:0
DA:3,1
DA:5,1
DA:6,1
DA:7,1
DA:9,1
DA:10,0
DA:13,1
DA:16,1
LF:8
LH:7
BRF:0
BRH:0
end_of_record
TN:
SF:/home/vaibhav/projects/node_project/expressjsPOC/github-poc-original/gitHubModule/wiring.js
FN:4,(anonymous_1)
FN:8,(anonymous_2)
FNF:2
FNH:1
FNDA:1,(anonymous_1)
FNDA:0,(anonymous_2)
DA:1,1
DA:9,0
DA:13,1
LF:3
LH:2
BRF:0
BRH:0
end_of_record
TN:
SF:/home/vaibhav/projects/node_project/expressjsPOC/github-poc-original/gitHubModule/controller/githubController.js
FN:6,(anonymous_1)
FN:10,(anonymous_2)
FN:15,(anonymous_3)
FN:16,(anonymous_4)
FNF:4
FNH:0
FNDA:0,(anonymous_1)
FNDA:0,(anonymous_2)
FNDA:0,(anonymous_3)
FNDA:0,(anonymous_4)
DA:1,1
DA:2,1
DA:11,0
DA:12,0
DA:13,0
DA:14,0
DA:15,0
DA:16,0
DA:17,0
DA:19,0
DA:25,1
LF:11
LH:3
BRF:0
BRH:0
end_of_record
TN:
SF:/home/vaibhav/projects/node_project/expressjsPOC/github-poc-original/crudModule/routes.js
FNF:0
FNH:0
DA:3,1
DA:4,1
DA:6,1
DA:7,1
DA:8,1
DA:9,1
DA:11,1
DA:12,1
DA:15,1
DA:16,3
DA:19,1
DA:20,1
DA:23,1
DA:24,1
DA:27,1
DA:28,1
DA:31,1
DA:34,1
LF:18
LH:18
BRF:0
BRH:0
end_of_record
TN:
SF:/home/vaibhav/projects/node_project/expressjsPOC/github-poc-original/crudModule/wiring.js
FN:4,(anonymous_1)
FN:8,(anonymous_2)
FNF:2
FNH:2
FNDA:1,(anonymous_1)
FNDA:7,(anonymous_2)
DA:1,1
DA:9,7
DA:13,1
LF:3
LH:3
BRF:0
BRH:0
end_of_record
TN:
SF:/home/vaibhav/projects/node_project/expressjsPOC/github-poc-original/crudModule/controller/crudController.js
FN:5,(anonymous_1)
FN:9,(anonymous_2)
FN:25,(anonymous_3)
FN:36,(anonymous_4)
FN:47,(anonymous_5)
FN:61,(anonymous_6)
FNF:6
FNH:6
FNDA:7,(anonymous_1)
FNDA:1,(anonymous_2)
FNDA:3,(anonymous_3)
FNDA:1,(anonymous_4)
FNDA:1,(anonymous_5)
FNDA:1,(anonymous_6)
DA:1,1
DA:10,1
DA:14,1
DA:16,1
DA:18,0
DA:19,0
DA:26,3
DA:28,3
DA:30,0
DA:37,1
DA:39,1
DA:41,0
DA:48,1
DA:53,1
DA:55,0
DA:62,1
DA:64,1
DA:66,0
DA:74,1
LF:19
LH:13
BRDA:20,1,0,0
BRDA:20,1,1,0
BRDA:31,2,0,0
BRDA:31,2,1,0
BRF:4
BRH:0
end_of_record
TN:
SF:/home/vaibhav/projects/node_project/expressjsPOC/github-poc-original/crudModule/models/crudModel.js
FNF:0
FNH:0
DA:1,1
DA:2,1
DA:4,1
DA:11,1
LF:4
LH:4
BRF:0
BRH:0
end_of_record
TN:
SF:/home/vaibhav/projects/node_project/expressjsPOC/github-poc-original/crudModule/validations/crudValidation.js
FN:5,(anonymous_1)
FN:9,(anonymous_2)
FN:23,(anonymous_3)
FN:37,(anonymous_4)
FNF:4
FNH:3
FNDA:1,(anonymous_1)
FNDA:0,(anonymous_2)
FNDA:2,(anonymous_3)
FNDA:3,(anonymous_4)
DA:1,1
DA:10,0
DA:11,0
DA:12,0
DA:13,0
DA:14,0
DA:19,0
DA:24,2
DA:25,2
DA:26,2
DA:27,2
DA:28,0
DA:33,2
DA:38,3
DA:39,3
DA:40,0
DA:45,3
DA:51,1
LF:18
LH:10
BRDA:13,1,0,0
BRDA:13,1,1,0
BRDA:27,2,0,0
BRDA:27,2,1,2
BRDA:39,3,0,0
BRDA:39,3,1,3
BRF:6
BRH:2
end_of_record
